-- logger module started --
main debug: VLC media player - 3.0.17.4 Vetinari
main debug: Copyright © 1996-2022 the VideoLAN team
main debug: revision 3.0.17.4-0-gc650ce1a4e
main debug: configured with /builds/videolan/vlc/extras/package/win32/../../../configure  '--enable-update-check' '--enable-lua' '--enable-faad' '--enable-flac' '--enable-theora' '--enable-avcodec' '--enable-merge-ffmpeg' '--enable-dca' '--enable-mpc' '--enable-libass' '--enable-schroedinger' '--enable-realrtsp' '--enable-live555' '--enable-shout' '--enable-goom' '--enable-sse' '--enable-mmx' '--enable-libcddb' '--enable-zvbi' '--disable-telx' '--enable-nls' '--host=x86_64-w64-mingw32' '--with-contrib=../contrib/x86_64-w64-mingw32' '--with-breakpad=https://win.crashes.videolan.org' '--enable-qt' '--enable-skins2' '--enable-dvdread' '--enable-caca' 'host_alias=x86_64-w64-mingw32' 'CFLAGS= ' 'CXXFLAGS= ' 'PKG_CONFIG=pkg-config' 'PKG_CONFIG_LIBDIR=/usr/x86_64-w64-mingw32/lib/pkgconfig:/usr/lib/x86_64-w64-mingw32/pkgconfig'
main debug: using multimedia timers as clock source
main debug:  min period: 1 ms, max period: 1000000 ms
main debug: searching plug-in modules
main debug: loading plugins cache file C:\Users\MAX\AppData\Local\Microsoft\VisualStudio\17.0_01014c38\Designer\Cache\11274135559x64DA\libvlc\win-x64\plugins\plugins.dat
main warning: cannot read C:\Users\MAX\AppData\Local\Microsoft\VisualStudio\17.0_01014c38\Designer\Cache\11274135559x64DA\libvlc\win-x64\plugins\plugins.dat: No such file or directory
main debug: recursively browsing `C:\Users\MAX\AppData\Local\Microsoft\VisualStudio\17.0_01014c38\Designer\Cache\11274135559x64DA\libvlc\win-x64\plugins'
main debug: plug-ins loaded: 496 modules
main debug: looking for logger module matching "any": 2 candidates
file debug: opening logfile `VLCLogs.log'
main debug: using logger module "file"
main debug: translation test: code is "zh_CN"
main debug: looking for keystore module matching "memory": 3 candidates
main debug: using keystore module "memory"
main debug: CPU has capabilities MMX MMXEXT SSE SSE2 SSE3 SSSE3 SSE4.1 SSE4.2 FPU 
main debug: creating audio output
main debug: looking for audio output module matching "any": 6 candidates
mmdevice error: cannot initialize COM (error 0x80010106)
directsound debug: found 3 devices
main debug: using audio output module "directsound"
main debug: keeping audio output
main debug: removing module "directsound"
main debug: exiting
main debug: no exit handler
main debug: removing all interfaces
main debug: removing module "memory"
-- logger module stopped --
﻿-- logger module started --
main debug: VLC media player - 3.0.17.4 Vetinari
main debug: Copyright © 1996-2022 the VideoLAN team
main debug: revision 3.0.17.4-0-gc650ce1a4e
main debug: configured with /builds/videolan/vlc/extras/package/win32/../../../configure  '--enable-update-check' '--enable-lua' '--enable-faad' '--enable-flac' '--enable-theora' '--enable-avcodec' '--enable-merge-ffmpeg' '--enable-dca' '--enable-mpc' '--enable-libass' '--enable-schroedinger' '--enable-realrtsp' '--enable-live555' '--enable-shout' '--enable-goom' '--enable-sse' '--enable-mmx' '--enable-libcddb' '--enable-zvbi' '--disable-telx' '--enable-nls' '--host=x86_64-w64-mingw32' '--with-contrib=../contrib/x86_64-w64-mingw32' '--with-breakpad=https://win.crashes.videolan.org' '--enable-qt' '--enable-skins2' '--enable-dvdread' '--enable-caca' 'host_alias=x86_64-w64-mingw32' 'CFLAGS= ' 'CXXFLAGS= ' 'PKG_CONFIG=pkg-config' 'PKG_CONFIG_LIBDIR=/usr/x86_64-w64-mingw32/lib/pkgconfig:/usr/lib/x86_64-w64-mingw32/pkgconfig'
main debug: searching plug-in modules
main debug: loading plugins cache file C:\Users\MAX\AppData\Local\Microsoft\VisualStudio\17.0_01014c38\Designer\Cache\11274135559x64DA\libvlc\win-x64\plugins\plugins.dat
main warning: cannot read C:\Users\MAX\AppData\Local\Microsoft\VisualStudio\17.0_01014c38\Designer\Cache\11274135559x64DA\libvlc\win-x64\plugins\plugins.dat: No such file or directory
main debug: recursively browsing `C:\Users\MAX\AppData\Local\Microsoft\VisualStudio\17.0_01014c38\Designer\Cache\11274135559x64DA\libvlc\win-x64\plugins'
main debug: plug-ins loaded: 496 modules
main debug: looking for logger module matching "any": 2 candidates
file debug: opening logfile `VLCLogs.log'
main debug: using logger module "file"
main debug: translation test: code is "zh_CN"
main debug: looking for keystore module matching "memory": 3 candidates
main debug: using keystore module "memory"
main debug: CPU has capabilities MMX MMXEXT SSE SSE2 SSE3 SSSE3 SSE4.1 SSE4.2 FPU 
main debug: creating audio output
main debug: looking for audio output module matching "any": 6 candidates
mmdevice error: cannot initialize COM (error 0x80010106)
directsound debug: found 3 devices
main debug: using audio output module "directsound"
main debug: keeping audio output
main debug: removing module "directsound"
main debug: exiting
main debug: no exit handler
main debug: removing all interfaces
main debug: removing module "memory"
-- logger module stopped --
﻿-- logger module started --
main debug: VLC media player - 3.0.17.4 Vetinari
main debug: Copyright © 1996-2022 the VideoLAN team
main debug: revision 3.0.17.4-0-gc650ce1a4e
main debug: configured with /builds/videolan/vlc/extras/package/win32/../../../configure  '--enable-update-check' '--enable-lua' '--enable-faad' '--enable-flac' '--enable-theora' '--enable-avcodec' '--enable-merge-ffmpeg' '--enable-dca' '--enable-mpc' '--enable-libass' '--enable-schroedinger' '--enable-realrtsp' '--enable-live555' '--enable-shout' '--enable-goom' '--enable-sse' '--enable-mmx' '--enable-libcddb' '--enable-zvbi' '--disable-telx' '--enable-nls' '--host=x86_64-w64-mingw32' '--with-contrib=../contrib/x86_64-w64-mingw32' '--with-breakpad=https://win.crashes.videolan.org' '--enable-qt' '--enable-skins2' '--enable-dvdread' '--enable-caca' 'host_alias=x86_64-w64-mingw32' 'CFLAGS= ' 'CXXFLAGS= ' 'PKG_CONFIG=pkg-config' 'PKG_CONFIG_LIBDIR=/usr/x86_64-w64-mingw32/lib/pkgconfig:/usr/lib/x86_64-w64-mingw32/pkgconfig'
main debug: plug-ins loaded: 496 modules
main debug: looking for logger module matching "any": 2 candidates
file debug: opening logfile `VLCLogs.log'
main debug: using logger module "file"
main debug: translation test: code is "zh_CN"
main debug: looking for keystore module matching "memory": 3 candidates
main debug: using keystore module "memory"
main debug: CPU has capabilities MMX MMXEXT SSE SSE2 SSE3 SSSE3 SSE4.1 SSE4.2 FPU 
main debug: creating audio output
main debug: looking for audio output module matching "any": 6 candidates
mmdevice error: cannot initialize COM (error 0x80010106)
directsound debug: found 3 devices
main debug: using audio output module "directsound"
main debug: keeping audio output
main debug: removing module "directsound"
main debug: exiting
main debug: no exit handler
main debug: removing all interfaces
main debug: removing module "memory"
-- logger module stopped --
﻿-- logger module started --
main debug: VLC media player - 3.0.17.4 Vetinari
main debug: Copyright © 1996-2022 the VideoLAN team
main debug: revision 3.0.17.4-0-gc650ce1a4e
main debug: configured with /builds/videolan/vlc/extras/package/win32/../../../configure  '--enable-update-check' '--enable-lua' '--enable-faad' '--enable-flac' '--enable-theora' '--enable-avcodec' '--enable-merge-ffmpeg' '--enable-dca' '--enable-mpc' '--enable-libass' '--enable-schroedinger' '--enable-realrtsp' '--enable-live555' '--enable-shout' '--enable-goom' '--enable-sse' '--enable-mmx' '--enable-libcddb' '--enable-zvbi' '--disable-telx' '--enable-nls' '--host=x86_64-w64-mingw32' '--with-contrib=../contrib/x86_64-w64-mingw32' '--with-breakpad=https://win.crashes.videolan.org' '--enable-qt' '--enable-skins2' '--enable-dvdread' '--enable-caca' 'host_alias=x86_64-w64-mingw32' 'CFLAGS= ' 'CXXFLAGS= ' 'PKG_CONFIG=pkg-config' 'PKG_CONFIG_LIBDIR=/usr/x86_64-w64-mingw32/lib/pkgconfig:/usr/lib/x86_64-w64-mingw32/pkgconfig'
main debug: searching plug-in modules
main debug: loading plugins cache file C:\Users\MAX\AppData\Local\Microsoft\VisualStudio\17.0_01014c38\Designer\Cache\11274135559x64DA\libvlc\win-x64\plugins\plugins.dat
main warning: cannot read C:\Users\MAX\AppData\Local\Microsoft\VisualStudio\17.0_01014c38\Designer\Cache\11274135559x64DA\libvlc\win-x64\plugins\plugins.dat: No such file or directory
main debug: recursively browsing `C:\Users\MAX\AppData\Local\Microsoft\VisualStudio\17.0_01014c38\Designer\Cache\11274135559x64DA\libvlc\win-x64\plugins'
main debug: plug-ins loaded: 496 modules
main debug: looking for logger module matching "any": 2 candidates
file debug: opening logfile `VLCLogs.log'
main debug: using logger module "file"
main debug: translation test: code is "zh_CN"
main debug: looking for keystore module matching "memory": 3 candidates
main debug: using keystore module "memory"
main debug: CPU has capabilities MMX MMXEXT SSE SSE2 SSE3 SSSE3 SSE4.1 SSE4.2 FPU 
main debug: creating audio output
main debug: looking for audio output module matching "any": 6 candidates
mmdevice error: cannot initialize COM (error 0x80010106)
directsound debug: found 3 devices
main debug: using audio output module "directsound"
main debug: keeping audio output
main debug: removing module "directsound"
main debug: exiting
main debug: no exit handler
main debug: removing all interfaces
main debug: removing module "memory"
-- logger module stopped --
